[ 2025-07-29 11:12:14,615 ] 1025 httpx - INFO - HTTP Request: GET https://dagshub.com/api/v1/user "HTTP/1.1 200 OK"
[ 2025-07-29 11:12:14,615 ] 107 dagshub - INFO - Accessing as sujeet123-dot
[ 2025-07-29 11:12:15,015 ] 1025 httpx - INFO - HTTP Request: GET https://dagshub.com/api/v1/repos/sujeet123-dot/networksecurity "HTTP/1.1 200 OK"
[ 2025-07-29 11:12:15,362 ] 1025 httpx - INFO - HTTP Request: GET https://dagshub.com/api/v1/user "HTTP/1.1 200 OK"
[ 2025-07-29 11:12:15,362 ] 107 dagshub - INFO - Initialized MLflow to track repo "sujeet123-dot/networksecurity"
[ 2025-07-29 11:12:15,362 ] 107 dagshub - INFO - Repository sujeet123-dot/networksecurity initialized!
[ 2025-07-29 11:12:15,362 ] 16 root - INFO - Initiate Data ingestion
[ 2025-07-29 11:12:17,498 ] 64 root - INFO - Performed train test split on the dataframe
[ 2025-07-29 11:12:17,498 ] 66 root - INFO - Exited split_data_as_train_test method of Data_Ingestion class
[ 2025-07-29 11:12:17,498 ] 74 root - INFO - Exporting train and test file path.
[ 2025-07-29 11:12:17,583 ] 83 root - INFO - Exported train and test file path.
[ 2025-07-29 11:12:17,583 ] 18 root - INFO - Data Initiation Completed
[ 2025-07-29 11:12:17,589 ] 23 root - INFO - Initiate the data vaildation
[ 2025-07-29 11:12:17,660 ] 31 root - INFO - Required number of columns: 2
[ 2025-07-29 11:12:17,660 ] 32 root - INFO - Data frame has columns:31
[ 2025-07-29 11:12:17,660 ] 31 root - INFO - Required number of columns: 2
[ 2025-07-29 11:12:17,660 ] 32 root - INFO - Data frame has columns:31
[ 2025-07-29 11:12:17,829 ] 25 root - INFO - Data Validation completed
[ 2025-07-29 11:12:17,829 ] 28 root - INFO - Data Transformation started
[ 2025-07-29 11:12:17,829 ] 61 root - INFO - Entered initaiate_data_transformation method of DataTransformation class
[ 2025-07-29 11:12:17,829 ] 63 root - INFO - Starting data transformation
[ 2025-07-29 11:12:17,864 ] 49 root - INFO - Entered get_data_transformation_object method of transforrmation class
[ 2025-07-29 11:12:17,864 ] 52 root - INFO - Initialise KNNImputer with {'missing_values': nan, 'n_neighbors': 3, 'weights': 'uniform'}
[ 2025-07-29 11:12:17,881 ] 47 root - INFO - Entered the save_object method of MainUtils class
[ 2025-07-29 11:12:17,881 ] 51 root - INFO - Exited the save_object method of MainUtils class
[ 2025-07-29 11:12:17,881 ] 47 root - INFO - Entered the save_object method of MainUtils class
[ 2025-07-29 11:12:17,881 ] 51 root - INFO - Exited the save_object method of MainUtils class
[ 2025-07-29 11:12:17,896 ] 32 root - INFO - Data transformation completed
[ 2025-07-29 11:12:17,896 ] 34 root - INFO - Model Training started
