[ 2025-07-29 11:24:23,902 ] 1025 httpx - INFO - HTTP Request: GET https://dagshub.com/api/v1/user "HTTP/1.1 200 OK"
[ 2025-07-29 11:24:23,913 ] 107 dagshub - INFO - Accessing as sujeet123-dot
[ 2025-07-29 11:24:24,303 ] 1025 httpx - INFO - HTTP Request: GET https://dagshub.com/api/v1/repos/sujeet123-dot/networksecurity "HTTP/1.1 200 OK"
[ 2025-07-29 11:24:24,666 ] 1025 httpx - INFO - HTTP Request: GET https://dagshub.com/api/v1/user "HTTP/1.1 200 OK"
[ 2025-07-29 11:24:24,671 ] 107 dagshub - INFO - Initialized MLflow to track repo "sujeet123-dot/networksecurity"
[ 2025-07-29 11:24:24,672 ] 107 dagshub - INFO - Repository sujeet123-dot/networksecurity initialized!
[ 2025-07-29 11:24:24,673 ] 16 root - INFO - Initiate Data ingestion
[ 2025-07-29 11:24:26,738 ] 64 root - INFO - Performed train test split on the dataframe
[ 2025-07-29 11:24:26,738 ] 66 root - INFO - Exited split_data_as_train_test method of Data_Ingestion class
[ 2025-07-29 11:24:26,739 ] 74 root - INFO - Exporting train and test file path.
[ 2025-07-29 11:24:26,817 ] 83 root - INFO - Exported train and test file path.
[ 2025-07-29 11:24:26,818 ] 18 root - INFO - Data Initiation Completed
[ 2025-07-29 11:24:26,824 ] 23 root - INFO - Initiate the data vaildation
[ 2025-07-29 11:24:26,943 ] 31 root - INFO - Required number of columns: 2
[ 2025-07-29 11:24:26,943 ] 32 root - INFO - Data frame has columns:31
[ 2025-07-29 11:24:26,943 ] 31 root - INFO - Required number of columns: 2
[ 2025-07-29 11:24:26,943 ] 32 root - INFO - Data frame has columns:31
[ 2025-07-29 11:24:27,113 ] 25 root - INFO - Data Validation completed
[ 2025-07-29 11:24:27,113 ] 28 root - INFO - Data Transformation started
[ 2025-07-29 11:24:27,113 ] 61 root - INFO - Entered initaiate_data_transformation method of DataTransformation class
[ 2025-07-29 11:24:27,113 ] 63 root - INFO - Starting data transformation
[ 2025-07-29 11:24:27,144 ] 49 root - INFO - Entered get_data_transformation_object method of transforrmation class
[ 2025-07-29 11:24:27,144 ] 52 root - INFO - Initialise KNNImputer with {'missing_values': nan, 'n_neighbors': 3, 'weights': 'uniform'}
[ 2025-07-29 11:24:27,157 ] 47 root - INFO - Entered the save_object method of MainUtils class
[ 2025-07-29 11:24:27,160 ] 51 root - INFO - Exited the save_object method of MainUtils class
[ 2025-07-29 11:24:27,160 ] 47 root - INFO - Entered the save_object method of MainUtils class
[ 2025-07-29 11:24:27,163 ] 51 root - INFO - Exited the save_object method of MainUtils class
[ 2025-07-29 11:24:27,164 ] 32 root - INFO - Data transformation completed
[ 2025-07-29 11:24:27,165 ] 34 root - INFO - Model Training started
