[ 2025-07-29 13:14:46,484 ] 1025 httpx - INFO - HTTP Request: GET https://dagshub.com/api/v1/user "HTTP/1.1 200 OK"
[ 2025-07-29 13:14:46,491 ] 107 dagshub - INFO - Accessing as sujeet123-dot
[ 2025-07-29 13:14:46,872 ] 1025 httpx - INFO - HTTP Request: GET https://dagshub.com/api/v1/repos/sujeet123-dot/networksecurity "HTTP/1.1 200 OK"
[ 2025-07-29 13:14:47,240 ] 1025 httpx - INFO - HTTP Request: GET https://dagshub.com/api/v1/user "HTTP/1.1 200 OK"
[ 2025-07-29 13:14:47,242 ] 107 dagshub - INFO - Initialized MLflow to track repo "sujeet123-dot/networksecurity"
[ 2025-07-29 13:14:47,243 ] 107 dagshub - INFO - Repository sujeet123-dot/networksecurity initialized!
[ 2025-07-29 13:16:08,931 ] 34 root - INFO - Start data ingestion
[ 2025-07-29 13:16:11,733 ] 64 root - INFO - Performed train test split on the dataframe
[ 2025-07-29 13:16:11,734 ] 66 root - INFO - Exited split_data_as_train_test method of Data_Ingestion class
[ 2025-07-29 13:16:11,734 ] 74 root - INFO - Exporting train and test file path.
[ 2025-07-29 13:16:11,872 ] 83 root - INFO - Exported train and test file path.
[ 2025-07-29 13:16:11,873 ] 37 root - INFO - Data Ingestion Completed and artifact: DataIngestionArtifact(trained_file_path='Artifacts\\07_29_2025_13_14_42\\data_ingestion\\ingested\\train.csv', test_file_path='Artifacts\\07_29_2025_13_14_42\\data_ingestion\\ingested\\test.csv')
[ 2025-07-29 13:16:11,883 ] 46 root - INFO - Initiate the data Validation
[ 2025-07-29 13:16:11,966 ] 31 root - INFO - Required number of columns: 2
[ 2025-07-29 13:16:11,966 ] 32 root - INFO - Data frame has columns:31
[ 2025-07-29 13:16:11,966 ] 31 root - INFO - Required number of columns: 2
[ 2025-07-29 13:16:11,966 ] 32 root - INFO - Data frame has columns:31
[ 2025-07-29 13:16:12,254 ] 61 root - INFO - Entered initaiate_data_transformation method of DataTransformation class
[ 2025-07-29 13:16:12,255 ] 63 root - INFO - Starting data transformation
[ 2025-07-29 13:16:12,307 ] 49 root - INFO - Entered get_data_transformation_object method of transforrmation class
[ 2025-07-29 13:16:12,307 ] 52 root - INFO - Initialise KNNImputer with {'missing_values': nan, 'n_neighbors': 3, 'weights': 'uniform'}
[ 2025-07-29 13:16:12,329 ] 47 root - INFO - Entered the save_object method of MainUtils class
[ 2025-07-29 13:16:12,333 ] 51 root - INFO - Exited the save_object method of MainUtils class
[ 2025-07-29 13:16:12,334 ] 47 root - INFO - Entered the save_object method of MainUtils class
[ 2025-07-29 13:16:12,338 ] 51 root - INFO - Exited the save_object method of MainUtils class
[ 2025-07-29 13:23:13,788 ] 47 root - INFO - Entered the save_object method of MainUtils class
[ 2025-07-29 13:23:13,789 ] 51 root - INFO - Exited the save_object method of MainUtils class
[ 2025-07-29 13:23:13,789 ] 47 root - INFO - Entered the save_object method of MainUtils class
[ 2025-07-29 13:23:13,839 ] 51 root - INFO - Exited the save_object method of MainUtils class
[ 2025-07-29 13:23:13,839 ] 127 root - INFO - Model trainer artifact: ModelTrainerArtifact(trained_model_file_path='trained_model\\model.pkl', train_metric_artifact=ClassificationMetricArtifact(f1_score=0.9910601545532602, precision_score=0.9880161127895267, recall_score=0.9941230114499949), test_metric_artifact=ClassificationMetricArtifact(f1_score=0.988374464613502, precision_score=0.9857607811228641, recall_score=0.9910020449897751))
